  Readpixel.cpp
c:\opencv\opencv\build\include\opencv2\core\mat.hpp(1965): warning C4819: The file contains a character that cannot be represented in the current code page (936). Save the file in Unicode format to prevent data loss
c:\opencv\opencv\build\include\opencv2\core\persistence.hpp : warning C4819: The file contains a character that cannot be represented in the current code page (936). Save the file in Unicode format to prevent data loss
c:\opencv\opencv\build\include\opencv2\core\utility.hpp : warning C4819: The file contains a character that cannot be represented in the current code page (936). Save the file in Unicode format to prevent data loss
c:\opencv\opencv\build\include\opencv2\core\utility.hpp : warning C4819: The file contains a character that cannot be represented in the current code page (936). Save the file in Unicode format to prevent data loss
e:\opencv\workspace\readpixel\readpixel\readpixel.cpp(55): error C2059: syntax error: '<'
e:\opencv\workspace\readpixel\readpixel\readpixel.cpp(56): error C2059: syntax error: '<'
e:\opencv\workspace\readpixel\readpixel\readpixel.cpp(57): error C2059: syntax error: '<'
e:\opencv\workspace\readpixel\readpixel\readpixel.cpp(57): error C2065: 'i': undeclared identifier
e:\opencv\workspace\readpixel\readpixel\readpixel.cpp(57): error C2065: 'grayim': undeclared identifier
e:\opencv\workspace\readpixel\readpixel\readpixel.cpp(57): error C2228: left of '.rows' must have class/struct/union
  e:\opencv\workspace\readpixel\readpixel\readpixel.cpp(57): note: type is 'unknown-type'
e:\opencv\workspace\readpixel\readpixel\readpixel.cpp(57): error C2059: syntax error: ')'
e:\opencv\workspace\readpixel\readpixel\readpixel.cpp(58): error C2059: syntax error: '<'
e:\opencv\workspace\readpixel\readpixel\readpixel.cpp(59): error C2059: syntax error: '<'
e:\opencv\workspace\readpixel\readpixel\readpixel.cpp(59): error C2065: 'j': undeclared identifier
e:\opencv\workspace\readpixel\readpixel\readpixel.cpp(59): error C2065: 'grayim': undeclared identifier
e:\opencv\workspace\readpixel\readpixel\readpixel.cpp(59): error C2228: left of '.cols' must have class/struct/union
  e:\opencv\workspace\readpixel\readpixel\readpixel.cpp(59): note: type is 'unknown-type'
e:\opencv\workspace\readpixel\readpixel\readpixel.cpp(59): error C2059: syntax error: ')'
e:\opencv\workspace\readpixel\readpixel\readpixel.cpp(60): error C2065: 'span': undeclared identifier
e:\opencv\workspace\readpixel\readpixel\readpixel.cpp(60): error C2146: syntax error: missing ';' before identifier 'style'
e:\opencv\workspace\readpixel\readpixel\readpixel.cpp(60): error C2065: 'style': undeclared identifier
e:\opencv\workspace\readpixel\readpixel\readpixel.cpp(60): error C2059: syntax error: '<'
e:\opencv\workspace\readpixel\readpixel\readpixel.cpp(61): error C2059: syntax error: '<'
e:\opencv\workspace\readpixel\readpixel\readpixel.cpp(62): error C2059: syntax error: '<'
e:\opencv\workspace\readpixel\readpixel\readpixel.cpp(62): error C2143: syntax error: missing ')' before ';'
e:\opencv\workspace\readpixel\readpixel\readpixel.cpp(62): error C2143: syntax error: missing ';' before '<'
e:\opencv\workspace\readpixel\readpixel\readpixel.cpp(62): error C4430: missing type specifier - int assumed. Note: C++ does not support default-int
e:\opencv\workspace\readpixel\readpixel\readpixel.cpp(62): error C2143: syntax error: missing ';' before '++'
e:\opencv\workspace\readpixel\readpixel\readpixel.cpp(62): error C2086: 'int i': redefinition
  e:\opencv\workspace\readpixel\readpixel\readpixel.cpp(62): note: see declaration of 'i'
e:\opencv\workspace\readpixel\readpixel\readpixel.cpp(62): error C2059: syntax error: ')'
e:\opencv\workspace\readpixel\readpixel\readpixel.cpp(62): error C2143: syntax error: missing ';' before '{'
e:\opencv\workspace\readpixel\readpixel\readpixel.cpp(62): error C2447: '{': missing function header (old-style formal list?)
e:\opencv\workspace\readpixel\readpixel\readpixel.cpp(70): error C2059: syntax error: '<'
e:\opencv\workspace\readpixel\readpixel\readpixel.cpp(71): error C2059: syntax error: '<'
e:\opencv\workspace\readpixel\readpixel\readpixel.cpp(72): error C2059: syntax error: '<'
e:\opencv\workspace\readpixel\readpixel\readpixel.cpp(73): error C2059: syntax error: '<'
e:\opencv\workspace\readpixel\readpixel\readpixel.cpp(74): error C2059: syntax error: '}'
e:\opencv\workspace\readpixel\readpixel\readpixel.cpp(74): error C2143: syntax error: missing ';' before '}'
